C:\USERS\RILEY\DOCUMENTS\VISUAL STUDIO 2012\PROJECTS\CONSOLEAPPLICATION47\DEBUG\CONSOLEAPPLICATION47.PCH
C:\USERS\RILEY\DOCUMENTS\VISUAL STUDIO 2012\PROJECTS\CONSOLEAPPLICATION47\DEBUG\STDAFX.OBJ
C:\USERS\RILEY\DOCUMENTS\VISUAL STUDIO 2012\PROJECTS\CONSOLEAPPLICATION47\DEBUG\VC110.PDB
C:\USERS\RILEY\DOCUMENTS\VISUAL STUDIO 2012\PROJECTS\CONSOLEAPPLICATION47\DEBUG\CONSOLEAPPLICATION47.OBJ
C:\USERS\RILEY\DOCUMENTS\VISUAL STUDIO 2012\PROJECTS\CONSOLEAPPLICATION47\DEBUG\CONSOLEAPPLICATION47.ILK
C:\USERS\RILEY\DOCUMENTS\VISUAL STUDIO 2012\PROJECTS\CONSOLEAPPLICATION47\DEBUG\CONSOLEAPPLICATION47.EXE
C:\USERS\RILEY\DOCUMENTS\VISUAL STUDIO 2012\PROJECTS\CONSOLEAPPLICATION47\DEBUG\CONSOLEAPPLICATION47.PDB
C:\Users\Riley\Documents\Visual Studio 2012\Projects\ConsoleApplication47\Debug\ConsoleApplication47.obj
C:\Users\Riley\Documents\Visual Studio 2012\Projects\ConsoleApplication47\Debug\stdafx.obj
C:\Users\Riley\Documents\Visual Studio 2012\Projects\ConsoleApplication47\Debug\ConsoleApplication47.ilk
C:\Users\Riley\Documents\Visual Studio 2012\Projects\ConsoleApplication47\Debug\cl.command.1.tlog
C:\Users\Riley\Documents\Visual Studio 2012\Projects\ConsoleApplication47\Debug\CL.read.1.tlog
C:\Users\Riley\Documents\Visual Studio 2012\Projects\ConsoleApplication47\Debug\CL.write.1.tlog
C:\Users\Riley\Documents\Visual Studio 2012\Projects\ConsoleApplication47\Debug\link-cvtres.read.1.tlog
C:\Users\Riley\Documents\Visual Studio 2012\Projects\ConsoleApplication47\Debug\link-cvtres.write.1.tlog
C:\Users\Riley\Documents\Visual Studio 2012\Projects\ConsoleApplication47\Debug\link-rc.read.1.tlog
C:\Users\Riley\Documents\Visual Studio 2012\Projects\ConsoleApplication47\Debug\link-rc.write.1.tlog
C:\Users\Riley\Documents\Visual Studio 2012\Projects\ConsoleApplication47\Debug\link.command.1.tlog
C:\Users\Riley\Documents\Visual Studio 2012\Projects\ConsoleApplication47\Debug\link.read.1.tlog
C:\Users\Riley\Documents\Visual Studio 2012\Projects\ConsoleApplication47\Debug\link.write.1.tlog
C:\Users\Riley\Documents\Visual Studio 2012\Projects\ConsoleApplication47\Debug\ConsoleApplication47.pch
C:\Users\Riley\Documents\Visual Studio 2012\Projects\ConsoleApplication47\Debug\vc110.idb
C:\Users\Riley\Documents\Visual Studio 2012\Projects\ConsoleApplication47\Debug\ConsoleApplication47.pdb
C:\Users\Riley\Documents\Visual Studio 2012\Projects\ConsoleApplication47\Debug\vc110.pdb
C:\Users\Riley\Documents\Visual Studio 2012\Projects\ConsoleApplication47\Debug\ConsoleApplication47.exe
